2018/10/30 22:40:57| Set Current Directory to /var/spool/squid
2018/10/30 22:40:57| Creating missing swap directories
2018/10/30 22:40:57| /var/spool/squid exists
2018/10/30 22:40:57| Making directories in /var/spool/squid/00
2018/10/30 22:40:58| Making directories in /var/spool/squid/01
2018/10/30 22:40:59| Making directories in /var/spool/squid/02
2018/10/30 22:41:00| Making directories in /var/spool/squid/03
2018/10/30 22:41:01| Making directories in /var/spool/squid/04
2018/10/30 22:41:02| Making directories in /var/spool/squid/05
2018/10/30 22:41:03| Making directories in /var/spool/squid/06
2018/10/30 22:41:03| Making directories in /var/spool/squid/07
2018/10/30 22:41:04| Making directories in /var/spool/squid/08
2018/10/30 22:41:05| Making directories in /var/spool/squid/09
2018/10/30 22:41:07| Making directories in /var/spool/squid/0A
2018/10/30 22:41:07| Making directories in /var/spool/squid/0B
2018/10/30 22:41:08| Making directories in /var/spool/squid/0C
2018/10/30 22:41:09| Making directories in /var/spool/squid/0D
2018/10/30 22:41:10| Making directories in /var/spool/squid/0E
2018/10/30 22:41:11| Making directories in /var/spool/squid/0F
2018/10/30 22:41:12| Set Current Directory to /var/spool/squid
2018/10/30 22:41:12| Starting Squid Cache version 3.5.12 for x86_64-pc-linux-gnu...
2018/10/30 22:41:12| Service Name: squid
2018/10/30 22:41:12| Process ID 1
2018/10/30 22:41:12| Process Roles: master worker
2018/10/30 22:41:12| With 1048576 file descriptors available
2018/10/30 22:41:12| Initializing IP Cache...
2018/10/30 22:41:12| DNS Socket created at [::], FD 8
2018/10/30 22:41:12| DNS Socket created at 0.0.0.0, FD 9
2018/10/30 22:41:12| Adding nameserver 127.0.0.11 from /etc/resolv.conf
2018/10/30 22:41:12| Adding ndots 1 from /etc/resolv.conf
2018/10/30 22:41:12| Logfile: opening log daemon:/var/log/squid/access.log
2018/10/30 22:41:13| Logfile Daemon: opening log /var/log/squid/access.log
2018/10/30 22:41:13| Unlinkd pipe opened on FD 15
2018/10/30 22:41:13| Local cache digest enabled; rebuild/rewrite every 3600/3600 sec
2018/10/30 22:41:13| Logfile: opening log /var/log/squid/store.log
2018/10/30 22:41:13| WARNING: log name now starts with a module name. Use 'stdio:/var/log/squid/store.log'
2018/10/30 22:41:13| Swap maxSize 102400 + 8192 KB, estimated 8507 objects
2018/10/30 22:41:13| Target number of buckets: 425
2018/10/30 22:41:13| Using 8192 Store buckets
2018/10/30 22:41:13| Max Mem  size: 8192 KB
2018/10/30 22:41:13| Max Swap size: 102400 KB
2018/10/30 22:41:13| Rebuilding storage in /var/spool/squid (no log)
2018/10/30 22:41:13| Using Least Load store dir selection
2018/10/30 22:41:13| Set Current Directory to /var/spool/squid
2018/10/30 22:41:13| Finished loading MIME types and icons.
2018/10/30 22:41:13| HTCP Disabled.
2018/10/30 22:41:13| commBind: Cannot bind socket FD 20 to [::1]: (99) Cannot assign requested address
2018/10/30 22:41:13| commBind: Cannot bind socket FD 21 to [::1]: (99) Cannot assign requested address
2018/10/30 22:41:13| ERROR: Failed to create helper child read FD: UDP[::1]
2018/10/30 22:41:13| Squid plugin modules loaded: 0
2018/10/30 22:41:13| Adaptation support is off.
2018/10/30 22:41:13| Accepting HTTP Socket connections at local=[::]:3128 remote=[::] FD 18 flags=9
2018/10/30 22:41:13| Accepting ICP messages on [::]:3130
2018/10/30 22:41:13| Sending ICP messages from [::]:3130
2018/10/30 22:41:31| Done scanning /var/spool/squid dir (0 entries)
2018/10/30 22:41:31| Finished rebuilding storage from disk.
2018/10/30 22:41:31|         0 Entries scanned
2018/10/30 22:41:31|         0 Invalid entries.
2018/10/30 22:41:31|         0 With invalid flags.
2018/10/30 22:41:31|         0 Objects loaded.
2018/10/30 22:41:31|         0 Objects expired.
2018/10/30 22:41:31|         0 Objects cancelled.
2018/10/30 22:41:31|         0 Duplicate URLs purged.
2018/10/30 22:41:31|         0 Swapfile clashes avoided.
2018/10/30 22:41:31|   Took 18.26 seconds (  0.00 objects/sec).
2018/10/30 22:41:31| Beginning Validation Procedure
2018/10/30 22:41:31|   Completed Validation Procedure
2018/10/30 22:41:31|   Validated 0 Entries
2018/10/30 22:41:31|   store_swap_size = 0.00 KB
2018/10/30 22:41:31| storeLateRelease: released 0 objects
2018/10/30 22:51:41| Set Current Directory to /var/spool/squid
2018/10/30 22:51:41| Starting Squid Cache version 3.5.12 for x86_64-pc-linux-gnu...
2018/10/30 22:51:41| Service Name: squid
2018/10/30 22:51:41| Process ID 1
2018/10/30 22:51:41| Process Roles: master worker
2018/10/30 22:51:41| With 1048576 file descriptors available
2018/10/30 22:51:41| Initializing IP Cache...
2018/10/30 22:51:41| DNS Socket created at [::], FD 8
2018/10/30 22:51:41| DNS Socket created at 0.0.0.0, FD 9
2018/10/30 22:51:41| Adding nameserver 127.0.0.11 from /etc/resolv.conf
2018/10/30 22:51:41| Adding ndots 1 from /etc/resolv.conf
2018/10/30 22:51:41| Logfile: opening log daemon:/var/log/squid/access.log
2018/10/30 22:51:41| Logfile Daemon: opening log /var/log/squid/access.log
2018/10/30 22:51:41| Unlinkd pipe opened on FD 15
2018/10/30 22:51:41| Local cache digest enabled; rebuild/rewrite every 3600/3600 sec
2018/10/30 22:51:41| Logfile: opening log /var/log/squid/store.log
2018/10/30 22:51:41| WARNING: log name now starts with a module name. Use 'stdio:/var/log/squid/store.log'
2018/10/30 22:51:41| Swap maxSize 102400 + 8192 KB, estimated 8507 objects
2018/10/30 22:51:41| Target number of buckets: 425
2018/10/30 22:51:41| Using 8192 Store buckets
2018/10/30 22:51:41| Max Mem  size: 8192 KB
2018/10/30 22:51:41| Max Swap size: 102400 KB
2018/10/30 22:51:41| Rebuilding storage in /var/spool/squid (dirty log)
2018/10/30 22:51:41| Using Least Load store dir selection
2018/10/30 22:51:41| Set Current Directory to /var/spool/squid
2018/10/30 22:51:41| Finished loading MIME types and icons.
2018/10/30 22:51:41| HTCP Disabled.
2018/10/30 22:51:41| commBind: Cannot bind socket FD 21 to [::1]: (99) Cannot assign requested address
2018/10/30 22:51:41| commBind: Cannot bind socket FD 22 to [::1]: (99) Cannot assign requested address
2018/10/30 22:51:41| ERROR: Failed to create helper child read FD: UDP[::1]
2018/10/30 22:51:41| Squid plugin modules loaded: 0
2018/10/30 22:51:41| Adaptation support is off.
2018/10/30 22:51:41| Accepting HTTP Socket connections at local=[::]:3128 remote=[::] FD 19 flags=9
2018/10/30 22:51:41| Accepting ICP messages on [::]:3130
2018/10/30 22:51:41| Sending ICP messages from [::]:3130
2018/10/30 22:51:41| Done reading /var/spool/squid swaplog (0 entries)
2018/10/30 22:51:41| Store rebuilding is 0.00% complete
2018/10/30 22:51:41| Finished rebuilding storage from disk.
2018/10/30 22:51:41|         0 Entries scanned
2018/10/30 22:51:41|         0 Invalid entries.
2018/10/30 22:51:41|         0 With invalid flags.
2018/10/30 22:51:41|         0 Objects loaded.
2018/10/30 22:51:41|         0 Objects expired.
2018/10/30 22:51:41|         0 Objects cancelled.
2018/10/30 22:51:41|         0 Duplicate URLs purged.
2018/10/30 22:51:41|         0 Swapfile clashes avoided.
2018/10/30 22:51:41|   Took 0.23 seconds (  0.00 objects/sec).
2018/10/30 22:51:41| Beginning Validation Procedure
2018/10/30 22:51:41|   Completed Validation Procedure
2018/10/30 22:51:41|   Validated 0 Entries
2018/10/30 22:51:41|   store_swap_size = 0.00 KB
2018/10/30 22:51:42| storeLateRelease: released 0 objects
2018/10/30 22:58:30| Set Current Directory to /var/spool/squid
2018/10/30 22:58:30| Starting Squid Cache version 3.5.12 for x86_64-pc-linux-gnu...
2018/10/30 22:58:30| Service Name: squid
2018/10/30 22:58:30| Process ID 1
2018/10/30 22:58:30| Process Roles: master worker
2018/10/30 22:58:30| With 1048576 file descriptors available
2018/10/30 22:58:30| Initializing IP Cache...
2018/10/30 22:58:30| DNS Socket created at [::], FD 8
2018/10/30 22:58:30| DNS Socket created at 0.0.0.0, FD 9
2018/10/30 22:58:30| Adding nameserver 127.0.0.11 from /etc/resolv.conf
2018/10/30 22:58:30| Adding ndots 1 from /etc/resolv.conf
2018/10/30 22:58:30| Logfile: opening log daemon:/var/log/squid/access.log
2018/10/30 22:58:30| Logfile Daemon: opening log /var/log/squid/access.log
2018/10/30 22:58:30| Unlinkd pipe opened on FD 15
2018/10/30 22:58:30| Local cache digest enabled; rebuild/rewrite every 3600/3600 sec
2018/10/30 22:58:30| Logfile: opening log /var/log/squid/store.log
2018/10/30 22:58:30| WARNING: log name now starts with a module name. Use 'stdio:/var/log/squid/store.log'
2018/10/30 22:58:30| Swap maxSize 102400 + 8192 KB, estimated 8507 objects
2018/10/30 22:58:30| Target number of buckets: 425
2018/10/30 22:58:30| Using 8192 Store buckets
2018/10/30 22:58:30| Max Mem  size: 8192 KB
2018/10/30 22:58:30| Max Swap size: 102400 KB
2018/10/30 22:58:30| Rebuilding storage in /var/spool/squid (dirty log)
2018/10/30 22:58:30| Using Least Load store dir selection
2018/10/30 22:58:30| Set Current Directory to /var/spool/squid
2018/10/30 22:58:30| Finished loading MIME types and icons.
2018/10/30 22:58:30| HTCP Disabled.
2018/10/30 22:58:30| commBind: Cannot bind socket FD 21 to [::1]: (99) Cannot assign requested address
2018/10/30 22:58:30| commBind: Cannot bind socket FD 22 to [::1]: (99) Cannot assign requested address
2018/10/30 22:58:30| ERROR: Failed to create helper child read FD: UDP[::1]
2018/10/30 22:58:30| Squid plugin modules loaded: 0
2018/10/30 22:58:30| Adaptation support is off.
2018/10/30 22:58:30| Accepting HTTP Socket connections at local=[::]:3128 remote=[::] FD 19 flags=9
2018/10/30 22:58:30| Accepting ICP messages on [::]:3130
2018/10/30 22:58:30| Sending ICP messages from [::]:3130
2018/10/30 22:58:30| Done reading /var/spool/squid swaplog (0 entries)
2018/10/30 22:58:30| Store rebuilding is 0.00% complete
2018/10/30 22:58:30| Finished rebuilding storage from disk.
2018/10/30 22:58:30|         0 Entries scanned
2018/10/30 22:58:30|         0 Invalid entries.
2018/10/30 22:58:30|         0 With invalid flags.
2018/10/30 22:58:30|         0 Objects loaded.
2018/10/30 22:58:30|         0 Objects expired.
2018/10/30 22:58:30|         0 Objects cancelled.
2018/10/30 22:58:30|         0 Duplicate URLs purged.
2018/10/30 22:58:30|         0 Swapfile clashes avoided.
2018/10/30 22:58:30|   Took 0.10 seconds (  0.00 objects/sec).
2018/10/30 22:58:30| Beginning Validation Procedure
2018/10/30 22:58:30|   Completed Validation Procedure
2018/10/30 22:58:30|   Validated 0 Entries
2018/10/30 22:58:30|   store_swap_size = 0.00 KB
2018/10/30 22:58:31| storeLateRelease: released 0 objects
2018/10/30 22:59:30| Preparing for shutdown after 1 requests
2018/10/30 22:59:30| Waiting 30 seconds for active connections to finish
2018/10/30 22:59:30| Closing HTTP port [::]:3128
2018/10/30 22:59:30| Stop receiving ICP on [::]:3130
2018/10/30 23:00:05| Set Current Directory to /var/spool/squid
2018/10/30 23:00:05| Starting Squid Cache version 3.5.12 for x86_64-pc-linux-gnu...
2018/10/30 23:00:05| Service Name: squid
2018/10/30 23:00:05| Process ID 1
2018/10/30 23:00:05| Process Roles: master worker
2018/10/30 23:00:05| With 1048576 file descriptors available
2018/10/30 23:00:05| Initializing IP Cache...
2018/10/30 23:00:05| DNS Socket created at [::], FD 8
2018/10/30 23:00:05| DNS Socket created at 0.0.0.0, FD 9
2018/10/30 23:00:05| Adding nameserver 127.0.0.11 from /etc/resolv.conf
2018/10/30 23:00:05| Adding ndots 1 from /etc/resolv.conf
2018/10/30 23:00:05| Logfile: opening log daemon:/var/log/squid/access.log
2018/10/30 23:00:05| Logfile Daemon: opening log /var/log/squid/access.log
2018/10/30 23:00:05| Unlinkd pipe opened on FD 15
2018/10/30 23:00:05| Local cache digest enabled; rebuild/rewrite every 3600/3600 sec
2018/10/30 23:00:05| Logfile: opening log /var/log/squid/store.log
2018/10/30 23:00:05| WARNING: log name now starts with a module name. Use 'stdio:/var/log/squid/store.log'
2018/10/30 23:00:05| Swap maxSize 102400 + 8192 KB, estimated 8507 objects
2018/10/30 23:00:05| Target number of buckets: 425
2018/10/30 23:00:05| Using 8192 Store buckets
2018/10/30 23:00:05| Max Mem  size: 8192 KB
2018/10/30 23:00:05| Max Swap size: 102400 KB
2018/10/30 23:00:05| Rebuilding storage in /var/spool/squid (dirty log)
2018/10/30 23:00:05| Using Least Load store dir selection
2018/10/30 23:00:05| Set Current Directory to /var/spool/squid
2018/10/30 23:00:06| Finished loading MIME types and icons.
2018/10/30 23:00:06| HTCP Disabled.
2018/10/30 23:00:06| commBind: Cannot bind socket FD 21 to [::1]: (99) Cannot assign requested address
2018/10/30 23:00:06| commBind: Cannot bind socket FD 22 to [::1]: (99) Cannot assign requested address
2018/10/30 23:00:06| ERROR: Failed to create helper child read FD: UDP[::1]
2018/10/30 23:00:06| Squid plugin modules loaded: 0
2018/10/30 23:00:06| Adaptation support is off.
2018/10/30 23:00:06| Accepting HTTP Socket connections at local=[::]:3128 remote=[::] FD 19 flags=9
2018/10/30 23:00:06| Accepting ICP messages on [::]:3130
2018/10/30 23:00:06| Sending ICP messages from [::]:3130
2018/10/30 23:00:06| Done reading /var/spool/squid swaplog (0 entries)
2018/10/30 23:00:06| Store rebuilding is 0.00% complete
2018/10/30 23:00:06| Finished rebuilding storage from disk.
2018/10/30 23:00:06|         0 Entries scanned
2018/10/30 23:00:06|         0 Invalid entries.
2018/10/30 23:00:06|         0 With invalid flags.
2018/10/30 23:00:06|         0 Objects loaded.
2018/10/30 23:00:06|         0 Objects expired.
2018/10/30 23:00:06|         0 Objects cancelled.
2018/10/30 23:00:06|         0 Duplicate URLs purged.
2018/10/30 23:00:06|         0 Swapfile clashes avoided.
2018/10/30 23:00:06|   Took 0.20 seconds (  0.00 objects/sec).
2018/10/30 23:00:06| Beginning Validation Procedure
2018/10/30 23:00:06|   Completed Validation Procedure
2018/10/30 23:00:06|   Validated 0 Entries
2018/10/30 23:00:06|   store_swap_size = 0.00 KB
2018/10/30 23:00:06| storeLateRelease: released 0 objects
