2018/10/19 15:56:05| Set Current Directory to /var/spool/squid
2018/10/19 15:56:05| Starting Squid Cache version 3.5.12 for x86_64-pc-linux-gnu...
2018/10/19 15:56:05| Service Name: squid
2018/10/19 15:56:05| Process ID 1
2018/10/19 15:56:05| Process Roles: master worker
2018/10/19 15:56:05| With 1048576 file descriptors available
2018/10/19 15:56:05| Initializing IP Cache...
2018/10/19 15:56:05| DNS Socket created at [::], FD 8
2018/10/19 15:56:05| DNS Socket created at 0.0.0.0, FD 9
2018/10/19 15:56:05| Adding nameserver 127.0.0.11 from /etc/resolv.conf
2018/10/19 15:56:05| Adding ndots 1 from /etc/resolv.conf
2018/10/19 15:56:05| Logfile: opening log daemon:/var/log/squid/access.log
2018/10/19 15:56:05| Logfile Daemon: opening log /var/log/squid/access.log
2018/10/19 15:56:05| Unlinkd pipe opened on FD 15
2018/10/19 15:56:05| Local cache digest enabled; rebuild/rewrite every 3600/3600 sec
2018/10/19 15:56:05| Logfile: opening log /var/log/squid/store.log
2018/10/19 15:56:05| WARNING: log name now starts with a module name. Use 'stdio:/var/log/squid/store.log'
2018/10/19 15:56:05| Swap maxSize 102400 + 8192 KB, estimated 8507 objects
2018/10/19 15:56:05| Target number of buckets: 425
2018/10/19 15:56:05| Using 8192 Store buckets
2018/10/19 15:56:05| Max Mem  size: 8192 KB
2018/10/19 15:56:05| Max Swap size: 102400 KB
2018/10/19 15:56:05| Rebuilding storage in /var/spool/squid (clean log)
2018/10/19 15:56:05| Using Least Load store dir selection
2018/10/19 15:56:05| Set Current Directory to /var/spool/squid
2018/10/19 15:56:05| Finished loading MIME types and icons.
2018/10/19 15:56:05| HTCP Disabled.
2018/10/19 15:56:05| commBind: Cannot bind socket FD 21 to [::1]: (99) Cannot assign requested address
2018/10/19 15:56:05| commBind: Cannot bind socket FD 22 to [::1]: (99) Cannot assign requested address
2018/10/19 15:56:05| ERROR: Failed to create helper child read FD: UDP[::1]
2018/10/19 15:56:05| Squid plugin modules loaded: 0
2018/10/19 15:56:05| Adaptation support is off.
2018/10/19 15:56:05| Accepting HTTP Socket connections at local=[::]:3128 remote=[::] FD 19 flags=9
2018/10/19 15:56:05| Accepting ICP messages on [::]:3130
2018/10/19 15:56:05| Sending ICP messages from [::]:3130
2018/10/19 15:56:05| Done reading /var/spool/squid swaplog (0 entries)
2018/10/19 15:56:05| Store rebuilding is 0.00% complete
2018/10/19 15:56:05| Finished rebuilding storage from disk.
2018/10/19 15:56:05|         0 Entries scanned
2018/10/19 15:56:05|         0 Invalid entries.
2018/10/19 15:56:05|         0 With invalid flags.
2018/10/19 15:56:05|         0 Objects loaded.
2018/10/19 15:56:05|         0 Objects expired.
2018/10/19 15:56:05|         0 Objects cancelled.
2018/10/19 15:56:05|         0 Duplicate URLs purged.
2018/10/19 15:56:05|         0 Swapfile clashes avoided.
2018/10/19 15:56:05|   Took 0.12 seconds (  0.00 objects/sec).
2018/10/19 15:56:05| Beginning Validation Procedure
2018/10/19 15:56:05|   Completed Validation Procedure
2018/10/19 15:56:05|   Validated 0 Entries
2018/10/19 15:56:05|   store_swap_size = 0.00 KB
2018/10/19 15:56:06| storeLateRelease: released 0 objects
