2018/10/30 22:40:57| Set Current Directory to /var/spool/squid
2018/10/30 22:40:57| Creating missing swap directories
2018/10/30 22:40:57| /var/spool/squid exists
2018/10/30 22:40:57| Making directories in /var/spool/squid/00
2018/10/30 22:40:58| Making directories in /var/spool/squid/01
2018/10/30 22:40:59| Making directories in /var/spool/squid/02
2018/10/30 22:41:00| Making directories in /var/spool/squid/03
2018/10/30 22:41:01| Making directories in /var/spool/squid/04
2018/10/30 22:41:02| Making directories in /var/spool/squid/05
2018/10/30 22:41:03| Making directories in /var/spool/squid/06
2018/10/30 22:41:03| Making directories in /var/spool/squid/07
2018/10/30 22:41:04| Making directories in /var/spool/squid/08
2018/10/30 22:41:05| Making directories in /var/spool/squid/09
2018/10/30 22:41:07| Making directories in /var/spool/squid/0A
2018/10/30 22:41:07| Making directories in /var/spool/squid/0B
2018/10/30 22:41:08| Making directories in /var/spool/squid/0C
2018/10/30 22:41:09| Making directories in /var/spool/squid/0D
2018/10/30 22:41:10| Making directories in /var/spool/squid/0E
2018/10/30 22:41:11| Making directories in /var/spool/squid/0F
2018/10/30 22:41:12| Set Current Directory to /var/spool/squid
2018/10/30 22:41:12| Starting Squid Cache version 3.5.12 for x86_64-pc-linux-gnu...
2018/10/30 22:41:12| Service Name: squid
2018/10/30 22:41:12| Process ID 1
2018/10/30 22:41:12| Process Roles: master worker
2018/10/30 22:41:12| With 1048576 file descriptors available
2018/10/30 22:41:12| Initializing IP Cache...
2018/10/30 22:41:12| DNS Socket created at [::], FD 8
2018/10/30 22:41:12| DNS Socket created at 0.0.0.0, FD 9
2018/10/30 22:41:12| Adding nameserver 127.0.0.11 from /etc/resolv.conf
2018/10/30 22:41:12| Adding ndots 1 from /etc/resolv.conf
2018/10/30 22:41:12| Logfile: opening log daemon:/var/log/squid/access.log
2018/10/30 22:41:13| Logfile Daemon: opening log /var/log/squid/access.log
2018/10/30 22:41:13| Unlinkd pipe opened on FD 15
2018/10/30 22:41:13| Local cache digest enabled; rebuild/rewrite every 3600/3600 sec
2018/10/30 22:41:13| Logfile: opening log /var/log/squid/store.log
2018/10/30 22:41:13| WARNING: log name now starts with a module name. Use 'stdio:/var/log/squid/store.log'
2018/10/30 22:41:13| Swap maxSize 102400 + 8192 KB, estimated 8507 objects
2018/10/30 22:41:13| Target number of buckets: 425
2018/10/30 22:41:13| Using 8192 Store buckets
2018/10/30 22:41:13| Max Mem  size: 8192 KB
2018/10/30 22:41:13| Max Swap size: 102400 KB
2018/10/30 22:41:13| Rebuilding storage in /var/spool/squid (no log)
2018/10/30 22:41:13| Using Least Load store dir selection
2018/10/30 22:41:13| Set Current Directory to /var/spool/squid
2018/10/30 22:41:13| Finished loading MIME types and icons.
2018/10/30 22:41:13| HTCP Disabled.
2018/10/30 22:41:13| commBind: Cannot bind socket FD 20 to [::1]: (99) Cannot assign requested address
2018/10/30 22:41:13| commBind: Cannot bind socket FD 21 to [::1]: (99) Cannot assign requested address
2018/10/30 22:41:13| ERROR: Failed to create helper child read FD: UDP[::1]
2018/10/30 22:41:13| Squid plugin modules loaded: 0
2018/10/30 22:41:13| Adaptation support is off.
2018/10/30 22:41:13| Accepting HTTP Socket connections at local=[::]:3128 remote=[::] FD 18 flags=9
2018/10/30 22:41:13| Accepting ICP messages on [::]:3130
2018/10/30 22:41:13| Sending ICP messages from [::]:3130
2018/10/30 22:41:31| Done scanning /var/spool/squid dir (0 entries)
2018/10/30 22:41:31| Finished rebuilding storage from disk.
2018/10/30 22:41:31|         0 Entries scanned
2018/10/30 22:41:31|         0 Invalid entries.
2018/10/30 22:41:31|         0 With invalid flags.
2018/10/30 22:41:31|         0 Objects loaded.
2018/10/30 22:41:31|         0 Objects expired.
2018/10/30 22:41:31|         0 Objects cancelled.
2018/10/30 22:41:31|         0 Duplicate URLs purged.
2018/10/30 22:41:31|         0 Swapfile clashes avoided.
2018/10/30 22:41:31|   Took 18.26 seconds (  0.00 objects/sec).
2018/10/30 22:41:31| Beginning Validation Procedure
2018/10/30 22:41:31|   Completed Validation Procedure
2018/10/30 22:41:31|   Validated 0 Entries
2018/10/30 22:41:31|   store_swap_size = 0.00 KB
2018/10/30 22:41:31| storeLateRelease: released 0 objects
