2018/10/30 22:40:56| Set Current Directory to /var/spool/squid
2018/10/30 22:40:56| Creating missing swap directories
2018/10/30 22:40:56| /var/spool/squid exists
2018/10/30 22:40:56| Making directories in /var/spool/squid/00
2018/10/30 22:40:58| Making directories in /var/spool/squid/01
2018/10/30 22:40:58| Making directories in /var/spool/squid/02
2018/10/30 22:40:59| Making directories in /var/spool/squid/03
2018/10/30 22:41:00| Making directories in /var/spool/squid/04
2018/10/30 22:41:01| Making directories in /var/spool/squid/05
2018/10/30 22:41:02| Making directories in /var/spool/squid/06
2018/10/30 22:41:03| Making directories in /var/spool/squid/07
2018/10/30 22:41:04| Making directories in /var/spool/squid/08
2018/10/30 22:41:05| Making directories in /var/spool/squid/09
2018/10/30 22:41:06| Making directories in /var/spool/squid/0A
2018/10/30 22:41:07| Making directories in /var/spool/squid/0B
2018/10/30 22:41:08| Making directories in /var/spool/squid/0C
2018/10/30 22:41:09| Making directories in /var/spool/squid/0D
2018/10/30 22:41:10| Making directories in /var/spool/squid/0E
2018/10/30 22:41:10| Making directories in /var/spool/squid/0F
2018/10/30 22:41:12| Set Current Directory to /var/spool/squid
2018/10/30 22:41:12| Starting Squid Cache version 3.5.12 for x86_64-pc-linux-gnu...
2018/10/30 22:41:12| Service Name: squid
2018/10/30 22:41:12| Process ID 1
2018/10/30 22:41:12| Process Roles: master worker
2018/10/30 22:41:12| With 1048576 file descriptors available
2018/10/30 22:41:12| Initializing IP Cache...
2018/10/30 22:41:12| DNS Socket created at [::], FD 8
2018/10/30 22:41:12| DNS Socket created at 0.0.0.0, FD 9
2018/10/30 22:41:12| Adding nameserver 127.0.0.11 from /etc/resolv.conf
2018/10/30 22:41:12| Adding ndots 1 from /etc/resolv.conf
2018/10/30 22:41:12| Logfile: opening log daemon:/var/log/squid/access.log
2018/10/30 22:41:12| Logfile Daemon: opening log /var/log/squid/access.log
2018/10/30 22:41:12| Unlinkd pipe opened on FD 15
2018/10/30 22:41:12| Local cache digest enabled; rebuild/rewrite every 3600/3600 sec
2018/10/30 22:41:12| Logfile: opening log /var/log/squid/store.log
2018/10/30 22:41:12| WARNING: log name now starts with a module name. Use 'stdio:/var/log/squid/store.log'
2018/10/30 22:41:12| Swap maxSize 102400 + 8192 KB, estimated 8507 objects
2018/10/30 22:41:12| Target number of buckets: 425
2018/10/30 22:41:12| Using 8192 Store buckets
2018/10/30 22:41:12| Max Mem  size: 8192 KB
2018/10/30 22:41:12| Max Swap size: 102400 KB
2018/10/30 22:41:12| Rebuilding storage in /var/spool/squid (no log)
2018/10/30 22:41:12| Using Least Load store dir selection
2018/10/30 22:41:12| Set Current Directory to /var/spool/squid
2018/10/30 22:41:12| Finished loading MIME types and icons.
2018/10/30 22:41:12| HTCP Disabled.
2018/10/30 22:41:12| commBind: Cannot bind socket FD 20 to [::1]: (99) Cannot assign requested address
2018/10/30 22:41:12| commBind: Cannot bind socket FD 21 to [::1]: (99) Cannot assign requested address
2018/10/30 22:41:12| ERROR: Failed to create helper child read FD: UDP[::1]
2018/10/30 22:41:12| Squid plugin modules loaded: 0
2018/10/30 22:41:12| Adaptation support is off.
2018/10/30 22:41:12| Accepting HTTP Socket connections at local=[::]:3128 remote=[::] FD 18 flags=9
2018/10/30 22:41:12| Accepting ICP messages on [::]:3130
2018/10/30 22:41:12| Sending ICP messages from [::]:3130
2018/10/30 22:41:12| Configuring Parent p2/3128/3130
2018/10/30 22:41:12| Configuring Parent p1/3128/3130
2018/10/30 22:41:33| Done scanning /var/spool/squid dir (0 entries)
2018/10/30 22:41:33| Finished rebuilding storage from disk.
2018/10/30 22:41:33|         0 Entries scanned
2018/10/30 22:41:33|         0 Invalid entries.
2018/10/30 22:41:33|         0 With invalid flags.
2018/10/30 22:41:33|         0 Objects loaded.
2018/10/30 22:41:33|         0 Objects expired.
2018/10/30 22:41:33|         0 Objects cancelled.
2018/10/30 22:41:33|         0 Duplicate URLs purged.
2018/10/30 22:41:33|         0 Swapfile clashes avoided.
2018/10/30 22:41:33|   Took 20.64 seconds (  0.00 objects/sec).
2018/10/30 22:41:33| Beginning Validation Procedure
2018/10/30 22:41:33|   Completed Validation Procedure
2018/10/30 22:41:33|   Validated 0 Entries
2018/10/30 22:41:33|   store_swap_size = 0.00 KB
2018/10/30 22:41:33| storeLateRelease: released 0 objects
2018/10/30 22:48:46| Set Current Directory to /var/spool/squid
2018/10/30 22:48:46| Creating missing swap directories
2018/10/30 22:48:46| /var/spool/squid exists
2018/10/30 22:48:46| Making directories in /var/spool/squid/00
2018/10/30 22:48:47| Making directories in /var/spool/squid/01
2018/10/30 22:48:48| Making directories in /var/spool/squid/02
2018/10/30 22:48:49| Making directories in /var/spool/squid/03
2018/10/30 22:48:49| Making directories in /var/spool/squid/04
2018/10/30 22:48:50| Making directories in /var/spool/squid/05
2018/10/30 22:48:51| Making directories in /var/spool/squid/06
2018/10/30 22:48:51| Making directories in /var/spool/squid/07
2018/10/30 22:48:52| Making directories in /var/spool/squid/08
2018/10/30 22:48:52| Making directories in /var/spool/squid/09
2018/10/30 22:48:53| Making directories in /var/spool/squid/0A
2018/10/30 22:48:54| Making directories in /var/spool/squid/0B
2018/10/30 22:48:54| Making directories in /var/spool/squid/0C
2018/10/30 22:48:55| Making directories in /var/spool/squid/0D
2018/10/30 22:48:56| Making directories in /var/spool/squid/0E
2018/10/30 22:48:57| Making directories in /var/spool/squid/0F
2018/10/30 22:48:57| Set Current Directory to /var/spool/squid
2018/10/30 22:48:57| Starting Squid Cache version 3.5.12 for x86_64-pc-linux-gnu...
2018/10/30 22:48:57| Service Name: squid
2018/10/30 22:48:57| Process ID 1
2018/10/30 22:48:57| Process Roles: master worker
2018/10/30 22:48:57| With 1048576 file descriptors available
2018/10/30 22:48:57| Initializing IP Cache...
2018/10/30 22:48:57| DNS Socket created at [::], FD 8
2018/10/30 22:48:57| DNS Socket created at 0.0.0.0, FD 9
2018/10/30 22:48:57| Adding nameserver 127.0.0.11 from /etc/resolv.conf
2018/10/30 22:48:57| Adding ndots 1 from /etc/resolv.conf
2018/10/30 22:48:57| Logfile: opening log daemon:/var/log/squid/access.log
2018/10/30 22:48:57| Logfile Daemon: opening log /var/log/squid/access.log
2018/10/30 22:48:58| Unlinkd pipe opened on FD 15
2018/10/30 22:48:58| Local cache digest enabled; rebuild/rewrite every 3600/3600 sec
2018/10/30 22:48:58| Logfile: opening log /var/log/squid/store.log
2018/10/30 22:48:58| WARNING: log name now starts with a module name. Use 'stdio:/var/log/squid/store.log'
2018/10/30 22:48:58| Swap maxSize 102400 + 8192 KB, estimated 8507 objects
2018/10/30 22:48:58| Target number of buckets: 425
2018/10/30 22:48:58| Using 8192 Store buckets
2018/10/30 22:48:58| Max Mem  size: 8192 KB
2018/10/30 22:48:58| Max Swap size: 102400 KB
2018/10/30 22:48:58| Rebuilding storage in /var/spool/squid (no log)
2018/10/30 22:48:58| Using Least Load store dir selection
2018/10/30 22:48:58| Set Current Directory to /var/spool/squid
2018/10/30 22:48:58| Finished loading MIME types and icons.
2018/10/30 22:48:58| HTCP Disabled.
2018/10/30 22:48:58| commBind: Cannot bind socket FD 20 to [::1]: (99) Cannot assign requested address
2018/10/30 22:48:58| commBind: Cannot bind socket FD 21 to [::1]: (99) Cannot assign requested address
2018/10/30 22:48:58| ERROR: Failed to create helper child read FD: UDP[::1]
2018/10/30 22:48:58| Squid plugin modules loaded: 0
2018/10/30 22:48:58| Adaptation support is off.
2018/10/30 22:48:58| Accepting HTTP Socket connections at local=[::]:3128 remote=[::] FD 18 flags=9
2018/10/30 22:48:58| Accepting ICP messages on [::]:3130
2018/10/30 22:48:58| Sending ICP messages from [::]:3130
2018/10/30 22:48:58| Configuring Parent p1/3128/3130
2018/10/30 22:49:09| Preparing for shutdown after 0 requests
2018/10/30 22:49:09| Waiting 30 seconds for active connections to finish
2018/10/30 22:49:09| Closing HTTP port [::]:3128
2018/10/30 22:49:09| Stop receiving ICP on [::]:3130
2018/10/30 22:51:38| Set Current Directory to /var/spool/squid
2018/10/30 22:51:38| Starting Squid Cache version 3.5.12 for x86_64-pc-linux-gnu...
2018/10/30 22:51:38| Service Name: squid
2018/10/30 22:51:38| Process ID 1
2018/10/30 22:51:38| Process Roles: master worker
2018/10/30 22:51:38| With 1048576 file descriptors available
2018/10/30 22:51:38| Initializing IP Cache...
2018/10/30 22:51:38| DNS Socket created at [::], FD 8
2018/10/30 22:51:38| DNS Socket created at 0.0.0.0, FD 9
2018/10/30 22:51:38| Adding nameserver 127.0.0.11 from /etc/resolv.conf
2018/10/30 22:51:38| Adding ndots 1 from /etc/resolv.conf
2018/10/30 22:51:38| Logfile: opening log daemon:/var/log/squid/access.log
2018/10/30 22:51:38| Logfile Daemon: opening log /var/log/squid/access.log
2018/10/30 22:51:39| Unlinkd pipe opened on FD 15
2018/10/30 22:51:39| Local cache digest enabled; rebuild/rewrite every 3600/3600 sec
2018/10/30 22:51:39| Logfile: opening log /var/log/squid/store.log
2018/10/30 22:51:39| WARNING: log name now starts with a module name. Use 'stdio:/var/log/squid/store.log'
2018/10/30 22:51:39| Swap maxSize 102400 + 8192 KB, estimated 8507 objects
2018/10/30 22:51:39| Target number of buckets: 425
2018/10/30 22:51:39| Using 8192 Store buckets
2018/10/30 22:51:39| Max Mem  size: 8192 KB
2018/10/30 22:51:39| Max Swap size: 102400 KB
2018/10/30 22:51:39| Rebuilding storage in /var/spool/squid (no log)
2018/10/30 22:51:39| Using Least Load store dir selection
2018/10/30 22:51:39| Set Current Directory to /var/spool/squid
2018/10/30 22:51:39| Finished loading MIME types and icons.
2018/10/30 22:51:39| HTCP Disabled.
2018/10/30 22:51:39| commBind: Cannot bind socket FD 20 to [::1]: (99) Cannot assign requested address
2018/10/30 22:51:39| commBind: Cannot bind socket FD 21 to [::1]: (99) Cannot assign requested address
2018/10/30 22:51:39| ERROR: Failed to create helper child read FD: UDP[::1]
2018/10/30 22:51:39| Squid plugin modules loaded: 0
2018/10/30 22:51:39| Adaptation support is off.
2018/10/30 22:51:39| Accepting HTTP Socket connections at local=[::]:3128 remote=[::] FD 18 flags=9
2018/10/30 22:51:39| Accepting ICP messages on [::]:3130
2018/10/30 22:51:39| Sending ICP messages from [::]:3130
2018/10/30 22:51:39| Configuring Parent p1/3128/3130
2018/10/30 22:51:52| Done scanning /var/spool/squid dir (0 entries)
2018/10/30 22:51:52| Finished rebuilding storage from disk.
2018/10/30 22:51:52|         0 Entries scanned
2018/10/30 22:51:52|         0 Invalid entries.
2018/10/30 22:51:52|         0 With invalid flags.
2018/10/30 22:51:52|         0 Objects loaded.
2018/10/30 22:51:52|         0 Objects expired.
2018/10/30 22:51:52|         0 Objects cancelled.
2018/10/30 22:51:52|         0 Duplicate URLs purged.
2018/10/30 22:51:52|         0 Swapfile clashes avoided.
2018/10/30 22:51:52|   Took 12.65 seconds (  0.00 objects/sec).
2018/10/30 22:51:52| Beginning Validation Procedure
2018/10/30 22:51:52|   Completed Validation Procedure
2018/10/30 22:51:52|   Validated 0 Entries
2018/10/30 22:51:52|   store_swap_size = 0.00 KB
2018/10/30 22:51:52| storeLateRelease: released 0 objects
2018/10/30 22:52:14| Configuring Parent p2/3128/3130
2018/10/30 22:52:14| WARNING: DNS lookup for 'p2' failed!
2018/10/30 22:58:29| Set Current Directory to /var/spool/squid
2018/10/30 22:58:29| Starting Squid Cache version 3.5.12 for x86_64-pc-linux-gnu...
2018/10/30 22:58:29| Service Name: squid
2018/10/30 22:58:29| Process ID 1
2018/10/30 22:58:29| Process Roles: master worker
2018/10/30 22:58:29| With 1048576 file descriptors available
2018/10/30 22:58:29| Initializing IP Cache...
2018/10/30 22:58:29| DNS Socket created at [::], FD 8
2018/10/30 22:58:29| DNS Socket created at 0.0.0.0, FD 9
2018/10/30 22:58:29| Adding nameserver 127.0.0.11 from /etc/resolv.conf
2018/10/30 22:58:29| Adding ndots 1 from /etc/resolv.conf
2018/10/30 22:58:29| Logfile: opening log daemon:/var/log/squid/access.log
2018/10/30 22:58:29| Logfile Daemon: opening log /var/log/squid/access.log
2018/10/30 22:58:30| Unlinkd pipe opened on FD 15
2018/10/30 22:58:30| Local cache digest enabled; rebuild/rewrite every 3600/3600 sec
2018/10/30 22:58:30| Logfile: opening log /var/log/squid/store.log
2018/10/30 22:58:30| WARNING: log name now starts with a module name. Use 'stdio:/var/log/squid/store.log'
2018/10/30 22:58:30| Swap maxSize 102400 + 8192 KB, estimated 8507 objects
2018/10/30 22:58:30| Target number of buckets: 425
2018/10/30 22:58:30| Using 8192 Store buckets
2018/10/30 22:58:30| Max Mem  size: 8192 KB
2018/10/30 22:58:30| Max Swap size: 102400 KB
2018/10/30 22:58:30| Rebuilding storage in /var/spool/squid (dirty log)
2018/10/30 22:58:30| Using Least Load store dir selection
2018/10/30 22:58:30| Set Current Directory to /var/spool/squid
2018/10/30 22:58:30| Finished loading MIME types and icons.
2018/10/30 22:58:30| HTCP Disabled.
2018/10/30 22:58:30| commBind: Cannot bind socket FD 21 to [::1]: (99) Cannot assign requested address
2018/10/30 22:58:30| commBind: Cannot bind socket FD 22 to [::1]: (99) Cannot assign requested address
2018/10/30 22:58:30| ERROR: Failed to create helper child read FD: UDP[::1]
2018/10/30 22:58:30| Squid plugin modules loaded: 0
2018/10/30 22:58:30| Adaptation support is off.
2018/10/30 22:58:30| Accepting HTTP Socket connections at local=[::]:3128 remote=[::] FD 19 flags=9
2018/10/30 22:58:30| Accepting ICP messages on [::]:3130
2018/10/30 22:58:30| Sending ICP messages from [::]:3130
2018/10/30 22:58:30| Done reading /var/spool/squid swaplog (0 entries)
2018/10/30 22:58:30| Store rebuilding is 0.00% complete
2018/10/30 22:58:30| Finished rebuilding storage from disk.
2018/10/30 22:58:30|         0 Entries scanned
2018/10/30 22:58:30|         0 Invalid entries.
2018/10/30 22:58:30|         0 With invalid flags.
2018/10/30 22:58:30|         0 Objects loaded.
2018/10/30 22:58:30|         0 Objects expired.
2018/10/30 22:58:30|         0 Objects cancelled.
2018/10/30 22:58:30|         0 Duplicate URLs purged.
2018/10/30 22:58:30|         0 Swapfile clashes avoided.
2018/10/30 22:58:30|   Took 0.11 seconds (  0.00 objects/sec).
2018/10/30 22:58:30| Beginning Validation Procedure
2018/10/30 22:58:30|   Completed Validation Procedure
2018/10/30 22:58:30|   Validated 0 Entries
2018/10/30 22:58:30|   store_swap_size = 0.00 KB
2018/10/30 22:58:30| Configuring Parent p1/3128/3130
2018/10/30 22:58:31| storeLateRelease: released 0 objects
2018/10/30 22:59:05| Configuring Parent p2/3128/3130
2018/10/30 22:59:05| WARNING: DNS lookup for 'p2' failed!
2018/10/30 22:59:30| Preparing for shutdown after 0 requests
2018/10/30 22:59:30| Waiting 30 seconds for active connections to finish
2018/10/30 22:59:30| Closing HTTP port [::]:3128
2018/10/30 22:59:30| Stop receiving ICP on [::]:3130
2018/10/30 23:00:06| Set Current Directory to /var/spool/squid
2018/10/30 23:00:06| Starting Squid Cache version 3.5.12 for x86_64-pc-linux-gnu...
2018/10/30 23:00:06| Service Name: squid
2018/10/30 23:00:06| Process ID 1
2018/10/30 23:00:06| Process Roles: master worker
2018/10/30 23:00:06| With 1048576 file descriptors available
2018/10/30 23:00:06| Initializing IP Cache...
2018/10/30 23:00:06| DNS Socket created at [::], FD 8
2018/10/30 23:00:06| DNS Socket created at 0.0.0.0, FD 9
2018/10/30 23:00:06| Adding nameserver 127.0.0.11 from /etc/resolv.conf
2018/10/30 23:00:06| Adding ndots 1 from /etc/resolv.conf
2018/10/30 23:00:06| Logfile: opening log daemon:/var/log/squid/access.log
2018/10/30 23:00:06| Logfile Daemon: opening log /var/log/squid/access.log
2018/10/30 23:00:07| Unlinkd pipe opened on FD 15
2018/10/30 23:00:07| Local cache digest enabled; rebuild/rewrite every 3600/3600 sec
2018/10/30 23:00:07| Logfile: opening log /var/log/squid/store.log
2018/10/30 23:00:07| WARNING: log name now starts with a module name. Use 'stdio:/var/log/squid/store.log'
2018/10/30 23:00:07| Swap maxSize 102400 + 8192 KB, estimated 8507 objects
2018/10/30 23:00:07| Target number of buckets: 425
2018/10/30 23:00:07| Using 8192 Store buckets
2018/10/30 23:00:07| Max Mem  size: 8192 KB
2018/10/30 23:00:07| Max Swap size: 102400 KB
2018/10/30 23:00:07| Rebuilding storage in /var/spool/squid (dirty log)
2018/10/30 23:00:07| Using Least Load store dir selection
2018/10/30 23:00:07| Set Current Directory to /var/spool/squid
2018/10/30 23:00:07| Finished loading MIME types and icons.
2018/10/30 23:00:07| HTCP Disabled.
2018/10/30 23:00:07| commBind: Cannot bind socket FD 21 to [::1]: (99) Cannot assign requested address
2018/10/30 23:00:07| commBind: Cannot bind socket FD 22 to [::1]: (99) Cannot assign requested address
2018/10/30 23:00:07| ERROR: Failed to create helper child read FD: UDP[::1]
2018/10/30 23:00:07| Squid plugin modules loaded: 0
2018/10/30 23:00:07| Adaptation support is off.
2018/10/30 23:00:07| Accepting HTTP Socket connections at local=[::]:3128 remote=[::] FD 19 flags=9
2018/10/30 23:00:07| Accepting ICP messages on [::]:3130
2018/10/30 23:00:07| Sending ICP messages from [::]:3130
2018/10/30 23:00:07| Done reading /var/spool/squid swaplog (0 entries)
2018/10/30 23:00:07| Store rebuilding is 0.00% complete
2018/10/30 23:00:07| Finished rebuilding storage from disk.
2018/10/30 23:00:07|         0 Entries scanned
2018/10/30 23:00:07|         0 Invalid entries.
2018/10/30 23:00:07|         0 With invalid flags.
2018/10/30 23:00:07|         0 Objects loaded.
2018/10/30 23:00:07|         0 Objects expired.
2018/10/30 23:00:07|         0 Objects cancelled.
2018/10/30 23:00:07|         0 Duplicate URLs purged.
2018/10/30 23:00:07|         0 Swapfile clashes avoided.
2018/10/30 23:00:07|   Took 0.07 seconds (  0.00 objects/sec).
2018/10/30 23:00:07| Beginning Validation Procedure
2018/10/30 23:00:07|   Completed Validation Procedure
2018/10/30 23:00:07|   Validated 0 Entries
2018/10/30 23:00:07|   store_swap_size = 0.00 KB
2018/10/30 23:00:07| Configuring Parent p1/3128/3130
2018/10/30 23:00:08| storeLateRelease: released 0 objects
2018/10/30 23:00:42| Configuring Parent p2/3128/3130
2018/10/30 23:00:42| WARNING: DNS lookup for 'p2' failed!
